A D/AllinOne////
A D/adc////
A D/allinone////
A D/aodv////
A D/aomdv////
A D/apps////
A D/asim////
A D/baytcp////
A D/bin////
A D/bitmap////
A D/classifier////
A D/common////
A D/dccp////
A D/delaybox////
A D/diffserv////
A D/diffusion////
A D/diffusion3////
A D/doc////
A D/dsdv////
A D/dsr////
A D/empweb////
A D/emulate////
A D/gaf////
A D/html////
A D/imep////
A D/indep-utils////
A D/lib////
A D/link////
A D/linkstate////
A D/mac////
A D/mcast////
A D/mdart////
A D/mobile////
A D/mpls////
A D/nam////
A D/nix////
A D/packmime////
A D/pgm////
A D/plm////
A D/puma////
A D/pushback////
A D/qs////
A D/queue////
A D/rap////
A D/realaudio////
A D/routealgo////
A D/routing////
A D/rtproto////
A D/satellite////
A D/sctp////
A D/sensor-nets////
A D/src_rtg////
A D/tcl////
A D/tcp////
A D/test-output////
A D/tmix////
A D/tools////
A D/tora////
A D/trace////
A D/webcache////
A D/wpan////
A D/xcp////
A D/conf////
